<?xml version="1.0" encoding="UTF-8"?>
<!-- Generated by org.testng.reporters.JUnitReportReporter -->
<testsuite hostname="DESKTOP-G1OI83H" failures="0" tests="4" name="api.test.userTest" time="7.967" errors="0" timestamp="2023-04-12T13:07:02 IST" skipped="0">
  <testcase classname="api.test.userTest" name="testPostUser" time="2.932"/>
  <system-out/>
  <testcase classname="api.test.userTest" name="testGetUserByName" time="1.284"/>
  <system-out/>
  <testcase classname="api.test.userTest" name="testUpdateUserName" time="2.498"/>
  <system-out/>
  <testcase classname="api.test.userTest" name="testDeleteUserName" time="1.253"/>
  <system-out/>
</testsuite> <!-- api.test.userTest -->
