<?xml version="1.0" encoding="UTF-8"?>
<!-- Generated by org.testng.reporters.JUnitReportReporter -->
<testsuite hostname="DESKTOP-G1OI83H" failures="0" tests="6" name="api.test.ddtTests" time="9.391" errors="0" timestamp="2023-04-12T11:50:59 IST" skipped="0">
  <testcase classname="api.test.ddtTests" name="testPostuser" time="1.244"/>
  <system-out/>
  <testcase classname="api.test.ddtTests" name="testPostuser" time="1.285"/>
  <system-out/>
  <testcase classname="api.test.ddtTests" name="testPostuser" time="3.066"/>
  <system-out/>
  <testcase classname="api.test.ddtTests" name="testDeleteUserByName" time="1.301"/>
  <system-out/>
  <testcase classname="api.test.ddtTests" name="testDeleteUserByName" time="1.229"/>
  <system-out/>
  <testcase classname="api.test.ddtTests" name="testDeleteUserByName" time="1.266"/>
  <system-out/>
</testsuite> <!-- api.test.ddtTests -->
