<?xml version="1.0" encoding="UTF-8"?>
<!-- Generated by org.testng.reporters.JUnitReportReporter -->
<testsuite hostname="DESKTOP-G1OI83H" failures="0" tests="4" name="api.test.userTestFromPropertyFile" time="8.084" errors="0" timestamp="2023-04-13T11:28:27 IST" skipped="0">
  <testcase classname="api.test.userTestFromPropertyFile" name="testPostUser" time="3.196"/>
  <system-out/>
  <testcase classname="api.test.userTestFromPropertyFile" name="testGetUserByName" time="1.255"/>
  <system-out/>
  <testcase classname="api.test.userTestFromPropertyFile" name="testUpdateUserName" time="2.429"/>
  <system-out/>
  <testcase classname="api.test.userTestFromPropertyFile" name="testDeleteUserName" time="1.204"/>
  <system-out/>
</testsuite> <!-- api.test.userTestFromPropertyFile -->
