<?xml version="1.0" encoding="UTF-8"?>
<!-- Generated by org.testng.reporters.JUnitReportReporter -->
<testsuite hostname="DESKTOP-G1OI83H" failures="0" tests="4" name="api.test.userTestFromPropertyFile" time="7.532" errors="0" timestamp="2023-04-13T12:01:11 IST" skipped="0">
  <testcase classname="api.test.userTestFromPropertyFile" name="testPostUser" time="2.950"/>
  <system-out/>
  <testcase classname="api.test.userTestFromPropertyFile" name="testGetUserByName" time="1.164"/>
  <system-out/>
  <testcase classname="api.test.userTestFromPropertyFile" name="testUpdateUserName" time="2.287"/>
  <system-out/>
  <testcase classname="api.test.userTestFromPropertyFile" name="testDeleteUserName" time="1.131"/>
  <system-out/>
</testsuite> <!-- api.test.userTestFromPropertyFile -->
